Drill Listing
=============
Drill: .01  Tool: 1  Feed: 95  Speed: 300
X 1044622  Y 1019912
X 1044622  Y 1016912
X 1047622  Y 1016912
X 1047622  Y 1019912
X 1084242  Y 1028242
X 1084342  Y 1024242
X 1087242  Y 1024242
X 1087242  Y 1028242
X 1091262  Y 1033096
X 1089622  Y 1040912
X 1089622  Y 1037912
X 1086622  Y 1040912
X 1086622  Y 1037912
X 1041622  Y 1046912
X 1041622  Y 1049912
X 1038622  Y 1046912
X 1038622  Y 1049912
X 1023622  Y 1064912
X 1023622  Y 1058912
X 1023622  Y 1061912
X 1026622  Y 1064912
X 1026622  Y 1058912
X 1026622  Y 1061912
X 1038622  Y 1073912
X 1038622  Y 1076912
X 1041622  Y 1073912
X 1041622  Y 1076912
X 1051242  Y 1074572
X 1055982  Y 1066742
X 1058382  Y 1056072
X 1077622  Y 1064912
X 1077622  Y 1067912
X 1080622  Y 1064912
X 1080622  Y 1067912
X 1092622  Y 1067912
X 1092622  Y 1064912
X 1095622  Y 1067912
X 1095622  Y 1064912
X 1074622  Y 1100912
X 1074622  Y 1097912
X 1071622  Y 1097912
X 1071622  Y 1100912
X 1068622  Y 1102912
X 1066102  Y 1104912
X 1061102  Y 1104912
X 1056622  Y 1103912
X 1056622  Y 1100912
X 1053622  Y 1103912
X 1053622  Y 1100912
X 1053262  Y 1094412
X 1050691  Y 1088734
X 1045691  Y 1088734
X 1029622  Y 1091912
X 1029622  Y 1094912
X 1026622  Y 1094912
X 1026622  Y 1091912
X 1026622  Y 1112912
X 1026622  Y 1127912
X 1026622  Y 1109912
X 1029622  Y 1127912
X 1029622  Y 1109912
X 1029622  Y 1112912
X 1048182  Y 1125242
X 1058382  Y 1122742
X 1074762  Y 1122742
X 1080182  Y 1130242
X 1086691  Y 1125242
X 1091182  Y 1119242
X 1091182  Y 1122242
X 1094182  Y 1119242
X 1094182  Y 1122242
X 1092691  Y 1145297
X 1086691  Y 1145297
X 1080691  Y 1145297
X 1074691  Y 1145297
X 1070182  Y 1132242
X 1068691  Y 1145297
X 1062691  Y 1145297
X 1059182  Y 1134242
X 1056691  Y 1145297
X 1041622  Y 1148912
X 1041622  Y 1145912
X 1038622  Y 1148912
X 1038622  Y 1145912
X 1029622  Y 1130912
X 1026622  Y 1130912
X 1038622  Y 1160912
X 1038622  Y 1163912
X 1038622  Y 1178912
X 1038622  Y 1175912
X 1041622  Y 1163912
X 1041622  Y 1178912
X 1041622  Y 1175912
X 1041622  Y 1160912
X 1077742  Y 1190742
X 1066182  Y 1189242
X 1064242  Y 1194742
X 1064242  Y 1198742
X 1064242  Y 1202742
X 1041622  Y 1202912
X 1041622  Y 1190912
X 1041622  Y 1187912
X 1038622  Y 1190912
X 1038622  Y 1202912
X 1038622  Y 1187912
X 1038622  Y 1217912
X 1038622  Y 1205912
X 1038622  Y 1220912
X 1041622  Y 1205912
X 1041622  Y 1220912
X 1041622  Y 1217912
X 1059622  Y 1229912
X 1062622  Y 1229912
X 1063742  Y 1206742
X 1064242  Y 1214742
X 1064242  Y 1222742
X 1064242  Y 1210742
X 1064242  Y 1218742
X 1077742  Y 1226742
X 1062622  Y 1232912
X 1059622  Y 1232912
X 1029622  Y 1238912
X 1029622  Y 1241912
X 1026622  Y 1241912
X 1026622  Y 1238912

Drill: .015  Tool: 2  Feed: 95  Speed: 300
X 1055691  Y 1037297
X 1071222  Y 1094097

Drill: .035  Tool: 3  Feed: 197  Speed: 550
X 1007242  Y 1025742
X 1007242  Y 1015742
X 1007242  Y 1005742
X 1017242  Y 1015742
X 1017242  Y 1025742
X 1017242  Y 1005742
X 1017242  Y 1045742
X 1017242  Y 1035742
X 1007242  Y 1035742
X 1007242  Y 1045742
X 1007242  Y 1075742
X 1007242  Y 1065742
X 1007242  Y 1055742
X 1017242  Y 1065742
X 1017242  Y 1075742
X 1017242  Y 1055742
X 1017242  Y 1095742
X 1017242  Y 1085742
X 1007242  Y 1085742
X 1007242  Y 1095742
X 1007242  Y 1125742
X 1007242  Y 1115742
X 1007242  Y 1105742
X 1017242  Y 1115742
X 1017242  Y 1125742
X 1017242  Y 1105742
X 1017242  Y 1135742
X 1017242  Y 1145742
X 1007242  Y 1145742
X 1007242  Y 1135742
X 1007242  Y 1165742
X 1007242  Y 1155742
X 1007242  Y 1175742
X 1017242  Y 1155742
X 1017242  Y 1165742
X 1017242  Y 1175742
X 1017242  Y 1185742
X 1017242  Y 1195742
X 1007242  Y 1195742
X 1007242  Y 1185742
X 1007242  Y 1215742
X 1007242  Y 1205742
X 1007242  Y 1225742
X 1017242  Y 1205742
X 1017242  Y 1215742
X 1017242  Y 1225742
X 1017242  Y 1235742
X 1017242  Y 1245742
X 1007242  Y 1245742
X 1007242  Y 1235742

Drill: .03937  Tool: 4  Feed: 197  Speed: 550
X 1099644  Y 1176065
X 1099644  Y 1241419

Drill: .07874  Tool: 5  Feed: 81  Speed: 550
X 1073659  Y 1185238
X 1073659  Y 1232246

End of Listing
